<?xml version="1.0" encoding="UTF-8"?>
<robot generator="Robot 3.1.2 (Python 3.8.2 on darwin)" generated="20200423 09:14:51.901" rpa="false">
<suite id="s1" name="Login" source="/Users/adrianoalmeida/Documents/QANinja_Cursos/curso_robocamp/tests/login.robot">
<test id="s1-t1" name="Login com sucesso">
<kw name="Open session" library="BasePage" type="setup">
<kw name="Open Browser" library="SeleniumLibrary">
<doc>Opens a new browser instance to the optional ``url``.</doc>
<arguments>
<arg>${URL}</arg>
<arg>chrome</arg>
</arguments>
<msg timestamp="20200423 09:14:52.188" level="INFO">Opening browser 'chrome' to base url 'http://pixel-web:3000'.</msg>
<status status="PASS" starttime="20200423 09:14:52.188" endtime="20200423 09:14:57.484"></status>
</kw>
<kw name="Set Selenium Implicit Wait" library="SeleniumLibrary">
<doc>Sets the implicit wait value used by Selenium.</doc>
<arguments>
<arg>5</arg>
</arguments>
<status status="PASS" starttime="20200423 09:14:57.485" endtime="20200423 09:14:57.487"></status>
</kw>
<status status="PASS" starttime="20200423 09:14:52.187" endtime="20200423 09:14:57.487"></status>
</kw>
<kw name="Dado que eu acesso a página de login" library="resource">
<kw name="Go To" library="SeleniumLibrary">
<doc>Navigates the current browser window to the provided ``url``.</doc>
<arguments>
<arg>${URL}/login</arg>
</arguments>
<msg timestamp="20200423 09:14:57.488" level="INFO">Opening url 'http://pixel-web:3000/login'</msg>
<status status="PASS" starttime="20200423 09:14:57.488" endtime="20200423 09:14:58.237"></status>
</kw>
<status status="PASS" starttime="20200423 09:14:57.487" endtime="20200423 09:14:58.237"></status>
</kw>
<kw name="Quando solicito submeto minhas credenciais de login &quot;didico@ninjapixel.com&quot; e senha &quot;pwd123&quot;" library="resource">
<kw name="Login with" library="LoginPage">
<arguments>
<arg>${email}</arg>
<arg>${senha}</arg>
</arguments>
<kw name="Input Text" library="SeleniumLibrary">
<doc>Types the given ``text`` into the text field identified by ``locator``.</doc>
<arguments>
<arg>id:emailId</arg>
<arg>${username}</arg>
</arguments>
<msg timestamp="20200423 09:14:58.239" level="INFO">Typing text 'didico@ninjapixel.com' into text field 'id:emailId'.</msg>
<status status="PASS" starttime="20200423 09:14:58.238" endtime="20200423 09:14:58.510"></status>
</kw>
<kw name="Input Text" library="SeleniumLibrary">
<doc>Types the given ``text`` into the text field identified by ``locator``.</doc>
<arguments>
<arg>css:input[name='password']</arg>
<arg>${password}</arg>
</arguments>
<msg timestamp="20200423 09:14:58.511" level="INFO">Typing text 'pwd123' into text field 'css:input[name='password']'.</msg>
<status status="PASS" starttime="20200423 09:14:58.510" endtime="20200423 09:14:58.628"></status>
</kw>
<kw name="Click Element" library="SeleniumLibrary">
<doc>Click the element identified by ``locator``.</doc>
<arguments>
<arg>class:btn-round</arg>
</arguments>
<msg timestamp="20200423 09:14:58.629" level="INFO">Clicking element 'class:btn-round'.</msg>
<status status="PASS" starttime="20200423 09:14:58.628" endtime="20200423 09:14:58.727"></status>
</kw>
<status status="PASS" starttime="20200423 09:14:58.238" endtime="20200423 09:14:58.727"></status>
</kw>
<status status="PASS" starttime="20200423 09:14:58.237" endtime="20200423 09:14:58.727"></status>
</kw>
<kw name="Então visualizo o nome do usuário &quot;Adriano&quot; no dashboard" library="resource">
<kw name="Wait Until Page Contains" library="SeleniumLibrary">
<doc>Waits until ``text`` appears on the current page.</doc>
<arguments>
<arg>${nome}</arg>
</arguments>
<status status="PASS" starttime="20200423 09:14:58.728" endtime="20200423 09:14:59.232"></status>
</kw>
<status status="PASS" starttime="20200423 09:14:58.727" endtime="20200423 09:14:59.232"></status>
</kw>
<kw name="Close session" library="BasePage" type="teardown">
<kw name="Capture Page Screenshot" library="SeleniumLibrary">
<doc>Takes a screenshot of the current page and embeds it into a log file.</doc>
<msg timestamp="20200423 09:14:59.718" level="INFO" html="yes">&lt;/td&gt;&lt;/tr&gt;&lt;tr&gt;&lt;td colspan="3"&gt;&lt;a href="selenium-screenshot-59.png"&gt;&lt;img src="selenium-screenshot-59.png" width="800px"&gt;&lt;/a&gt;</msg>
<status status="PASS" starttime="20200423 09:14:59.233" endtime="20200423 09:14:59.718"></status>
</kw>
<kw name="Close Browser" library="SeleniumLibrary">
<doc>Closes the current browser.</doc>
<status status="PASS" starttime="20200423 09:14:59.718" endtime="20200423 09:14:59.890"></status>
</kw>
<status status="PASS" starttime="20200423 09:14:59.232" endtime="20200423 09:14:59.890"></status>
</kw>
<status status="PASS" starttime="20200423 09:14:52.187" endtime="20200423 09:14:59.893" critical="yes"></status>
</test>
<test id="s1-t2" name="Login com senha inválida">
<kw name="Open session" library="BasePage" type="setup">
<kw name="Open Browser" library="SeleniumLibrary">
<doc>Opens a new browser instance to the optional ``url``.</doc>
<arguments>
<arg>${URL}</arg>
<arg>chrome</arg>
</arguments>
<msg timestamp="20200423 09:14:59.896" level="INFO">Opening browser 'chrome' to base url 'http://pixel-web:3000'.</msg>
<status status="PASS" starttime="20200423 09:14:59.896" endtime="20200423 09:15:03.715"></status>
</kw>
<kw name="Set Selenium Implicit Wait" library="SeleniumLibrary">
<doc>Sets the implicit wait value used by Selenium.</doc>
<arguments>
<arg>5</arg>
</arguments>
<status status="PASS" starttime="20200423 09:15:03.716" endtime="20200423 09:15:03.718"></status>
</kw>
<status status="PASS" starttime="20200423 09:14:59.895" endtime="20200423 09:15:03.718"></status>
</kw>
<kw name="Tentativa de login">
<arguments>
<arg>didico@ninjapixel.com</arg>
<arg>teste123</arg>
<arg>Usuário e/ou senha inválidos</arg>
</arguments>
<kw name="Dado que eu acesso a página de login" library="resource">
<kw name="Go To" library="SeleniumLibrary">
<doc>Navigates the current browser window to the provided ``url``.</doc>
<arguments>
<arg>${URL}/login</arg>
</arguments>
<msg timestamp="20200423 09:15:03.719" level="INFO">Opening url 'http://pixel-web:3000/login'</msg>
<status status="PASS" starttime="20200423 09:15:03.719" endtime="20200423 09:15:04.139"></status>
</kw>
<status status="PASS" starttime="20200423 09:15:03.719" endtime="20200423 09:15:04.139"></status>
</kw>
<kw name="Quando solicito submeto minhas credenciais de login &quot;${email}&quot; e senha &quot;${senha}&quot;" library="resource">
<kw name="Login with" library="LoginPage">
<arguments>
<arg>${email}</arg>
<arg>${senha}</arg>
</arguments>
<kw name="Input Text" library="SeleniumLibrary">
<doc>Types the given ``text`` into the text field identified by ``locator``.</doc>
<arguments>
<arg>id:emailId</arg>
<arg>${username}</arg>
</arguments>
<msg timestamp="20200423 09:15:04.140" level="INFO">Typing text 'didico@ninjapixel.com' into text field 'id:emailId'.</msg>
<status status="PASS" starttime="20200423 09:15:04.140" endtime="20200423 09:15:04.384"></status>
</kw>
<kw name="Input Text" library="SeleniumLibrary">
<doc>Types the given ``text`` into the text field identified by ``locator``.</doc>
<arguments>
<arg>css:input[name='password']</arg>
<arg>${password}</arg>
</arguments>
<msg timestamp="20200423 09:15:04.385" level="INFO">Typing text 'teste123' into text field 'css:input[name='password']'.</msg>
<status status="PASS" starttime="20200423 09:15:04.385" endtime="20200423 09:15:04.593"></status>
</kw>
<kw name="Click Element" library="SeleniumLibrary">
<doc>Click the element identified by ``locator``.</doc>
<arguments>
<arg>class:btn-round</arg>
</arguments>
<msg timestamp="20200423 09:15:04.594" level="INFO">Clicking element 'class:btn-round'.</msg>
<status status="PASS" starttime="20200423 09:15:04.593" endtime="20200423 09:15:04.704"></status>
</kw>
<status status="PASS" starttime="20200423 09:15:04.139" endtime="20200423 09:15:04.704"></status>
</kw>
<status status="PASS" starttime="20200423 09:15:04.139" endtime="20200423 09:15:04.704"></status>
</kw>
<kw name="Então visulizo uma mensagem de alerta &quot;${mensagem}&quot;" library="resource">
<kw name="Wait Until Element Contains" library="SeleniumLibrary">
<doc>Waits until the element ``locator`` contains ``text``.</doc>
<arguments>
<arg>class:alert</arg>
<arg>${mensagem}</arg>
</arguments>
<status status="PASS" starttime="20200423 09:15:04.705" endtime="20200423 09:15:04.949"></status>
</kw>
<status status="PASS" starttime="20200423 09:15:04.704" endtime="20200423 09:15:04.949"></status>
</kw>
<status status="PASS" starttime="20200423 09:15:03.718" endtime="20200423 09:15:04.949"></status>
</kw>
<kw name="Close session" library="BasePage" type="teardown">
<kw name="Capture Page Screenshot" library="SeleniumLibrary">
<doc>Takes a screenshot of the current page and embeds it into a log file.</doc>
<msg timestamp="20200423 09:15:06.799" level="INFO" html="yes">&lt;/td&gt;&lt;/tr&gt;&lt;tr&gt;&lt;td colspan="3"&gt;&lt;a href="selenium-screenshot-60.png"&gt;&lt;img src="selenium-screenshot-60.png" width="800px"&gt;&lt;/a&gt;</msg>
<status status="PASS" starttime="20200423 09:15:04.950" endtime="20200423 09:15:06.799"></status>
</kw>
<kw name="Close Browser" library="SeleniumLibrary">
<doc>Closes the current browser.</doc>
<status status="PASS" starttime="20200423 09:15:06.799" endtime="20200423 09:15:06.936"></status>
</kw>
<status status="PASS" starttime="20200423 09:15:04.950" endtime="20200423 09:15:06.937"></status>
</kw>
<status status="PASS" starttime="20200423 09:14:59.894" endtime="20200423 09:15:06.937" critical="yes"></status>
</test>
<test id="s1-t3" name="Login com email inválido">
<kw name="Open session" library="BasePage" type="setup">
<kw name="Open Browser" library="SeleniumLibrary">
<doc>Opens a new browser instance to the optional ``url``.</doc>
<arguments>
<arg>${URL}</arg>
<arg>chrome</arg>
</arguments>
<msg timestamp="20200423 09:15:06.939" level="INFO">Opening browser 'chrome' to base url 'http://pixel-web:3000'.</msg>
<status status="PASS" starttime="20200423 09:15:06.939" endtime="20200423 09:15:10.876"></status>
</kw>
<kw name="Set Selenium Implicit Wait" library="SeleniumLibrary">
<doc>Sets the implicit wait value used by Selenium.</doc>
<arguments>
<arg>5</arg>
</arguments>
<status status="PASS" starttime="20200423 09:15:10.876" endtime="20200423 09:15:10.877"></status>
</kw>
<status status="PASS" starttime="20200423 09:15:06.938" endtime="20200423 09:15:10.877"></status>
</kw>
<kw name="Tentativa de login">
<arguments>
<arg>teste@ninjapixel.com</arg>
<arg>pwd123</arg>
<arg>Usuário e/ou senha inválidos</arg>
</arguments>
<kw name="Dado que eu acesso a página de login" library="resource">
<kw name="Go To" library="SeleniumLibrary">
<doc>Navigates the current browser window to the provided ``url``.</doc>
<arguments>
<arg>${URL}/login</arg>
</arguments>
<msg timestamp="20200423 09:15:10.879" level="INFO">Opening url 'http://pixel-web:3000/login'</msg>
<status status="PASS" starttime="20200423 09:15:10.879" endtime="20200423 09:15:11.464"></status>
</kw>
<status status="PASS" starttime="20200423 09:15:10.878" endtime="20200423 09:15:11.464"></status>
</kw>
<kw name="Quando solicito submeto minhas credenciais de login &quot;${email}&quot; e senha &quot;${senha}&quot;" library="resource">
<kw name="Login with" library="LoginPage">
<arguments>
<arg>${email}</arg>
<arg>${senha}</arg>
</arguments>
<kw name="Input Text" library="SeleniumLibrary">
<doc>Types the given ``text`` into the text field identified by ``locator``.</doc>
<arguments>
<arg>id:emailId</arg>
<arg>${username}</arg>
</arguments>
<msg timestamp="20200423 09:15:11.465" level="INFO">Typing text 'teste@ninjapixel.com' into text field 'id:emailId'.</msg>
<status status="PASS" starttime="20200423 09:15:11.465" endtime="20200423 09:15:11.717"></status>
</kw>
<kw name="Input Text" library="SeleniumLibrary">
<doc>Types the given ``text`` into the text field identified by ``locator``.</doc>
<arguments>
<arg>css:input[name='password']</arg>
<arg>${password}</arg>
</arguments>
<msg timestamp="20200423 09:15:11.718" level="INFO">Typing text 'pwd123' into text field 'css:input[name='password']'.</msg>
<status status="PASS" starttime="20200423 09:15:11.717" endtime="20200423 09:15:11.820"></status>
</kw>
<kw name="Click Element" library="SeleniumLibrary">
<doc>Click the element identified by ``locator``.</doc>
<arguments>
<arg>class:btn-round</arg>
</arguments>
<msg timestamp="20200423 09:15:11.820" level="INFO">Clicking element 'class:btn-round'.</msg>
<status status="PASS" starttime="20200423 09:15:11.820" endtime="20200423 09:15:12.033"></status>
</kw>
<status status="PASS" starttime="20200423 09:15:11.465" endtime="20200423 09:15:12.033"></status>
</kw>
<status status="PASS" starttime="20200423 09:15:11.465" endtime="20200423 09:15:12.034"></status>
</kw>
<kw name="Então visulizo uma mensagem de alerta &quot;${mensagem}&quot;" library="resource">
<kw name="Wait Until Element Contains" library="SeleniumLibrary">
<doc>Waits until the element ``locator`` contains ``text``.</doc>
<arguments>
<arg>class:alert</arg>
<arg>${mensagem}</arg>
</arguments>
<status status="PASS" starttime="20200423 09:15:12.034" endtime="20200423 09:15:12.077"></status>
</kw>
<status status="PASS" starttime="20200423 09:15:12.034" endtime="20200423 09:15:12.077"></status>
</kw>
<status status="PASS" starttime="20200423 09:15:10.878" endtime="20200423 09:15:12.077"></status>
</kw>
<kw name="Close session" library="BasePage" type="teardown">
<kw name="Capture Page Screenshot" library="SeleniumLibrary">
<doc>Takes a screenshot of the current page and embeds it into a log file.</doc>
<msg timestamp="20200423 09:15:13.892" level="INFO" html="yes">&lt;/td&gt;&lt;/tr&gt;&lt;tr&gt;&lt;td colspan="3"&gt;&lt;a href="selenium-screenshot-61.png"&gt;&lt;img src="selenium-screenshot-61.png" width="800px"&gt;&lt;/a&gt;</msg>
<status status="PASS" starttime="20200423 09:15:12.078" endtime="20200423 09:15:13.892"></status>
</kw>
<kw name="Close Browser" library="SeleniumLibrary">
<doc>Closes the current browser.</doc>
<status status="PASS" starttime="20200423 09:15:13.893" endtime="20200423 09:15:14.081"></status>
</kw>
<status status="PASS" starttime="20200423 09:15:12.078" endtime="20200423 09:15:14.082"></status>
</kw>
<status status="PASS" starttime="20200423 09:15:06.937" endtime="20200423 09:15:14.082" critical="yes"></status>
</test>
<test id="s1-t4" name="Login com senha branco">
<kw name="Open session" library="BasePage" type="setup">
<kw name="Open Browser" library="SeleniumLibrary">
<doc>Opens a new browser instance to the optional ``url``.</doc>
<arguments>
<arg>${URL}</arg>
<arg>chrome</arg>
</arguments>
<msg timestamp="20200423 09:15:14.083" level="INFO">Opening browser 'chrome' to base url 'http://pixel-web:3000'.</msg>
<status status="PASS" starttime="20200423 09:15:14.083" endtime="20200423 09:15:18.255"></status>
</kw>
<kw name="Set Selenium Implicit Wait" library="SeleniumLibrary">
<doc>Sets the implicit wait value used by Selenium.</doc>
<arguments>
<arg>5</arg>
</arguments>
<status status="PASS" starttime="20200423 09:15:18.255" endtime="20200423 09:15:18.257"></status>
</kw>
<status status="PASS" starttime="20200423 09:15:14.083" endtime="20200423 09:15:18.258"></status>
</kw>
<kw name="Tentativa de login">
<arguments>
<arg>didico@ninjapixel.com</arg>
<arg>${EMPTY}</arg>
<arg>Opps. Informe a sua senha!</arg>
</arguments>
<kw name="Dado que eu acesso a página de login" library="resource">
<kw name="Go To" library="SeleniumLibrary">
<doc>Navigates the current browser window to the provided ``url``.</doc>
<arguments>
<arg>${URL}/login</arg>
</arguments>
<msg timestamp="20200423 09:15:18.260" level="INFO">Opening url 'http://pixel-web:3000/login'</msg>
<status status="PASS" starttime="20200423 09:15:18.259" endtime="20200423 09:15:18.788"></status>
</kw>
<status status="PASS" starttime="20200423 09:15:18.259" endtime="20200423 09:15:18.788"></status>
</kw>
<kw name="Quando solicito submeto minhas credenciais de login &quot;${email}&quot; e senha &quot;${senha}&quot;" library="resource">
<kw name="Login with" library="LoginPage">
<arguments>
<arg>${email}</arg>
<arg>${senha}</arg>
</arguments>
<kw name="Input Text" library="SeleniumLibrary">
<doc>Types the given ``text`` into the text field identified by ``locator``.</doc>
<arguments>
<arg>id:emailId</arg>
<arg>${username}</arg>
</arguments>
<msg timestamp="20200423 09:15:18.793" level="INFO">Typing text 'didico@ninjapixel.com' into text field 'id:emailId'.</msg>
<status status="PASS" starttime="20200423 09:15:18.791" endtime="20200423 09:15:19.083"></status>
</kw>
<kw name="Input Text" library="SeleniumLibrary">
<doc>Types the given ``text`` into the text field identified by ``locator``.</doc>
<arguments>
<arg>css:input[name='password']</arg>
<arg>${password}</arg>
</arguments>
<msg timestamp="20200423 09:15:19.084" level="INFO">Typing text '' into text field 'css:input[name='password']'.</msg>
<status status="PASS" starttime="20200423 09:15:19.084" endtime="20200423 09:15:19.162"></status>
</kw>
<kw name="Click Element" library="SeleniumLibrary">
<doc>Click the element identified by ``locator``.</doc>
<arguments>
<arg>class:btn-round</arg>
</arguments>
<msg timestamp="20200423 09:15:19.162" level="INFO">Clicking element 'class:btn-round'.</msg>
<status status="PASS" starttime="20200423 09:15:19.162" endtime="20200423 09:15:19.217"></status>
</kw>
<status status="PASS" starttime="20200423 09:15:18.789" endtime="20200423 09:15:19.218"></status>
</kw>
<status status="PASS" starttime="20200423 09:15:18.788" endtime="20200423 09:15:19.218"></status>
</kw>
<kw name="Então visulizo uma mensagem de alerta &quot;${mensagem}&quot;" library="resource">
<kw name="Wait Until Element Contains" library="SeleniumLibrary">
<doc>Waits until the element ``locator`` contains ``text``.</doc>
<arguments>
<arg>class:alert</arg>
<arg>${mensagem}</arg>
</arguments>
<status status="PASS" starttime="20200423 09:15:19.218" endtime="20200423 09:15:19.245"></status>
</kw>
<status status="PASS" starttime="20200423 09:15:19.218" endtime="20200423 09:15:19.245"></status>
</kw>
<status status="PASS" starttime="20200423 09:15:18.258" endtime="20200423 09:15:19.245"></status>
</kw>
<kw name="Close session" library="BasePage" type="teardown">
<kw name="Capture Page Screenshot" library="SeleniumLibrary">
<doc>Takes a screenshot of the current page and embeds it into a log file.</doc>
<msg timestamp="20200423 09:15:21.015" level="INFO" html="yes">&lt;/td&gt;&lt;/tr&gt;&lt;tr&gt;&lt;td colspan="3"&gt;&lt;a href="selenium-screenshot-62.png"&gt;&lt;img src="selenium-screenshot-62.png" width="800px"&gt;&lt;/a&gt;</msg>
<status status="PASS" starttime="20200423 09:15:19.246" endtime="20200423 09:15:21.015"></status>
</kw>
<kw name="Close Browser" library="SeleniumLibrary">
<doc>Closes the current browser.</doc>
<status status="PASS" starttime="20200423 09:15:21.015" endtime="20200423 09:15:21.161"></status>
</kw>
<status status="PASS" starttime="20200423 09:15:19.246" endtime="20200423 09:15:21.162"></status>
</kw>
<status status="PASS" starttime="20200423 09:15:14.082" endtime="20200423 09:15:21.162" critical="yes"></status>
</test>
<test id="s1-t5" name="Login com email branco">
<kw name="Open session" library="BasePage" type="setup">
<kw name="Open Browser" library="SeleniumLibrary">
<doc>Opens a new browser instance to the optional ``url``.</doc>
<arguments>
<arg>${URL}</arg>
<arg>chrome</arg>
</arguments>
<msg timestamp="20200423 09:15:21.163" level="INFO">Opening browser 'chrome' to base url 'http://pixel-web:3000'.</msg>
<status status="PASS" starttime="20200423 09:15:21.163" endtime="20200423 09:15:30.046"></status>
</kw>
<kw name="Set Selenium Implicit Wait" library="SeleniumLibrary">
<doc>Sets the implicit wait value used by Selenium.</doc>
<arguments>
<arg>5</arg>
</arguments>
<status status="PASS" starttime="20200423 09:15:30.047" endtime="20200423 09:15:30.048"></status>
</kw>
<status status="PASS" starttime="20200423 09:15:21.163" endtime="20200423 09:15:30.048"></status>
</kw>
<kw name="Tentativa de login">
<arguments>
<arg>${EMPTY}</arg>
<arg>pwd123</arg>
<arg>Opps. Informe o seu email!</arg>
</arguments>
<kw name="Dado que eu acesso a página de login" library="resource">
<kw name="Go To" library="SeleniumLibrary">
<doc>Navigates the current browser window to the provided ``url``.</doc>
<arguments>
<arg>${URL}/login</arg>
</arguments>
<msg timestamp="20200423 09:15:30.050" level="INFO">Opening url 'http://pixel-web:3000/login'</msg>
<status status="PASS" starttime="20200423 09:15:30.049" endtime="20200423 09:15:30.499"></status>
</kw>
<status status="PASS" starttime="20200423 09:15:30.049" endtime="20200423 09:15:30.499"></status>
</kw>
<kw name="Quando solicito submeto minhas credenciais de login &quot;${email}&quot; e senha &quot;${senha}&quot;" library="resource">
<kw name="Login with" library="LoginPage">
<arguments>
<arg>${email}</arg>
<arg>${senha}</arg>
</arguments>
<kw name="Input Text" library="SeleniumLibrary">
<doc>Types the given ``text`` into the text field identified by ``locator``.</doc>
<arguments>
<arg>id:emailId</arg>
<arg>${username}</arg>
</arguments>
<msg timestamp="20200423 09:15:30.501" level="INFO">Typing text '' into text field 'id:emailId'.</msg>
<status status="PASS" starttime="20200423 09:15:30.501" endtime="20200423 09:15:30.613"></status>
</kw>
<kw name="Input Text" library="SeleniumLibrary">
<doc>Types the given ``text`` into the text field identified by ``locator``.</doc>
<arguments>
<arg>css:input[name='password']</arg>
<arg>${password}</arg>
</arguments>
<msg timestamp="20200423 09:15:30.614" level="INFO">Typing text 'pwd123' into text field 'css:input[name='password']'.</msg>
<status status="PASS" starttime="20200423 09:15:30.613" endtime="20200423 09:15:30.757"></status>
</kw>
<kw name="Click Element" library="SeleniumLibrary">
<doc>Click the element identified by ``locator``.</doc>
<arguments>
<arg>class:btn-round</arg>
</arguments>
<msg timestamp="20200423 09:15:30.758" level="INFO">Clicking element 'class:btn-round'.</msg>
<status status="PASS" starttime="20200423 09:15:30.758" endtime="20200423 09:15:30.823"></status>
</kw>
<status status="PASS" starttime="20200423 09:15:30.500" endtime="20200423 09:15:30.823"></status>
</kw>
<status status="PASS" starttime="20200423 09:15:30.500" endtime="20200423 09:15:30.824"></status>
</kw>
<kw name="Então visulizo uma mensagem de alerta &quot;${mensagem}&quot;" library="resource">
<kw name="Wait Until Element Contains" library="SeleniumLibrary">
<doc>Waits until the element ``locator`` contains ``text``.</doc>
<arguments>
<arg>class:alert</arg>
<arg>${mensagem}</arg>
</arguments>
<status status="PASS" starttime="20200423 09:15:30.824" endtime="20200423 09:15:30.849"></status>
</kw>
<status status="PASS" starttime="20200423 09:15:30.824" endtime="20200423 09:15:30.849"></status>
</kw>
<status status="PASS" starttime="20200423 09:15:30.048" endtime="20200423 09:15:30.849"></status>
</kw>
<kw name="Close session" library="BasePage" type="teardown">
<kw name="Capture Page Screenshot" library="SeleniumLibrary">
<doc>Takes a screenshot of the current page and embeds it into a log file.</doc>
<msg timestamp="20200423 09:15:32.538" level="INFO" html="yes">&lt;/td&gt;&lt;/tr&gt;&lt;tr&gt;&lt;td colspan="3"&gt;&lt;a href="selenium-screenshot-63.png"&gt;&lt;img src="selenium-screenshot-63.png" width="800px"&gt;&lt;/a&gt;</msg>
<status status="PASS" starttime="20200423 09:15:30.850" endtime="20200423 09:15:32.538"></status>
</kw>
<kw name="Close Browser" library="SeleniumLibrary">
<doc>Closes the current browser.</doc>
<status status="PASS" starttime="20200423 09:15:32.538" endtime="20200423 09:15:32.655"></status>
</kw>
<status status="PASS" starttime="20200423 09:15:30.849" endtime="20200423 09:15:32.655"></status>
</kw>
<status status="PASS" starttime="20200423 09:15:21.162" endtime="20200423 09:15:32.656" critical="yes"></status>
</test>
<doc>Suite de testes para validar o login do sistema Pixel
Sendo um administrador de catálogo
Quero me autenticar no sistema
Para que eu possa gerenciar o catálogo de produtos</doc>
<status status="PASS" starttime="20200423 09:14:51.903" endtime="20200423 09:15:32.657"></status>
</suite>
<statistics>
<total>
<stat pass="5" fail="0">Critical Tests</stat>
<stat pass="5" fail="0">All Tests</stat>
</total>
<tag>
</tag>
<suite>
<stat pass="5" fail="0" id="s1" name="Login">Login</stat>
</suite>
</statistics>
<errors>
</errors>
</robot>
