<?xml version="1.0" encoding="UTF-8"?>
<robot generator="Robot 3.1.2 (Python 3.8.2 on darwin)" generated="20200428 10:50:39.391" rpa="false">
<suite id="s1" name="Tests" source="/Users/adrianoalmeida/Documents/QANinja_Cursos/curso_robocamp/tests">
<suite id="s1-s1" name="Cadastro" source="/Users/adrianoalmeida/Documents/QANinja_Cursos/curso_robocamp/tests/cadastro.robot">
<test id="s1-s1-t1" name="Disponibilizar o produto">
<kw name="Open session" library="BasePage" type="setup">
<kw name="Open Chrome" library="BasePage">
<kw name="Open Browser" library="SeleniumLibrary">
<doc>Opens a new browser instance to the optional ``url``.</doc>
<arguments>
<arg>${URL}/login</arg>
<arg>chrome</arg>
<arg>options=add_experimental_option('excludeSwitches', ['enable-logging'])</arg>
</arguments>
<msg timestamp="20200428 10:50:39.823" level="INFO">Opening browser 'chrome' to base url 'http://pixel-web:3000/login'.</msg>
<status status="PASS" starttime="20200428 10:50:39.822" endtime="20200428 10:50:44.709"></status>
</kw>
<status status="PASS" starttime="20200428 10:50:39.821" endtime="20200428 10:50:44.709"></status>
</kw>
<kw name="Set Selenium Implicit Wait" library="SeleniumLibrary">
<doc>Sets the implicit wait value used by Selenium.</doc>
<arguments>
<arg>5</arg>
</arguments>
<status status="PASS" starttime="20200428 10:50:44.710" endtime="20200428 10:50:44.712"></status>
</kw>
<kw name="Set Window Size" library="SeleniumLibrary">
<doc>Sets current windows size to given ``width`` and ``height``.</doc>
<arguments>
<arg>1280</arg>
<arg>800</arg>
</arguments>
<status status="PASS" starttime="20200428 10:50:44.712" endtime="20200428 10:50:45.111"></status>
</kw>
<status status="PASS" starttime="20200428 10:50:39.820" endtime="20200428 10:50:45.112"></status>
</kw>
<kw name="Dado que eu estou logado" library="actions">
<kw name="Login with" library="LoginPage">
<arguments>
<arg>didico@ninjapixel.com</arg>
<arg>pwd123</arg>
</arguments>
<kw name="Input Text" library="SeleniumLibrary">
<doc>Types the given ``text`` into the text field identified by ``locator``.</doc>
<arguments>
<arg>id:emailId</arg>
<arg>${username}</arg>
</arguments>
<msg timestamp="20200428 10:50:45.113" level="INFO">Typing text 'didico@ninjapixel.com' into text field 'id:emailId'.</msg>
<status status="PASS" starttime="20200428 10:50:45.113" endtime="20200428 10:50:45.382"></status>
</kw>
<kw name="Input Text" library="SeleniumLibrary">
<doc>Types the given ``text`` into the text field identified by ``locator``.</doc>
<arguments>
<arg>css:input[name='password']</arg>
<arg>${password}</arg>
</arguments>
<msg timestamp="20200428 10:50:45.382" level="INFO">Typing text 'pwd123' into text field 'css:input[name='password']'.</msg>
<status status="PASS" starttime="20200428 10:50:45.382" endtime="20200428 10:50:45.504"></status>
</kw>
<kw name="Click Element" library="SeleniumLibrary">
<doc>Click the element identified by ``locator``.</doc>
<arguments>
<arg>class:btn-round</arg>
</arguments>
<msg timestamp="20200428 10:50:45.504" level="INFO">Clicking element 'class:btn-round'.</msg>
<status status="PASS" starttime="20200428 10:50:45.504" endtime="20200428 10:50:45.572"></status>
</kw>
<status status="PASS" starttime="20200428 10:50:45.113" endtime="20200428 10:50:45.572"></status>
</kw>
<status status="PASS" starttime="20200428 10:50:45.112" endtime="20200428 10:50:45.572"></status>
</kw>
<kw name="Quando eu faço o cadastro desse produto" library="actions">
<arguments>
<arg>dk.json</arg>
</arguments>
<kw name="Get File" library="OperatingSystem">
<doc>Returns the contents of a specified file.</doc>
<arguments>
<arg>resources/fixtures/${json_file}</arg>
</arguments>
<assign>
<var>${product_file}</var>
</assign>
<msg timestamp="20200428 10:50:45.574" level="INFO" html="yes">Getting file '&lt;a href="file:///Users/adrianoalmeida/Documents/QANinja_Cursos/curso_robocamp/resources/fixtures/dk.json"&gt;/Users/adrianoalmeida/Documents/QANinja_Cursos/curso_robocamp/resources/fixtures/dk.json&lt;/a&gt;'.</msg>
<msg timestamp="20200428 10:50:45.574" level="INFO">${product_file} = {
    "name": "Donkey Kong",
    "cat": "Super Nintendo",
    "price": "49.99",
    "desc": "Um jogo muito divertido!",
    "producers": ["Rare", "Nintendo"],
    "image": "donkey-kong.jpg"
}</msg>
<status status="PASS" starttime="20200428 10:50:45.573" endtime="20200428 10:50:45.575"></status>
</kw>
<kw name="Evaluate" library="BuiltIn">
<doc>Evaluates the given expression in Python and returns the results.</doc>
<arguments>
<arg>json.loads($product_file)</arg>
<arg>json</arg>
</arguments>
<assign>
<var>${product_json}</var>
</assign>
<msg timestamp="20200428 10:50:45.577" level="INFO">${product_json} = {'name': 'Donkey Kong', 'cat': 'Super Nintendo', 'price': '49.99', 'desc': 'Um jogo muito divertido!', 'producers': ['Rare', 'Nintendo'], 'image': 'donkey-kong.jpg'}</msg>
<status status="PASS" starttime="20200428 10:50:45.575" endtime="20200428 10:50:45.577"></status>
</kw>
<kw name="Remove Product By Name" library="db">
<arguments>
<arg>${product_json['name']}</arg>
</arguments>
<status status="PASS" starttime="20200428 10:50:45.578" endtime="20200428 10:50:46.263"></status>
</kw>
<kw name="Create New Product" library="ProductPage">
<arguments>
<arg>${product_json}</arg>
</arguments>
<kw name="Click Element" library="SeleniumLibrary">
<doc>Click the element identified by ``locator``.</doc>
<arguments>
<arg>class:product-add</arg>
</arguments>
<msg timestamp="20200428 10:50:46.264" level="INFO">Clicking element 'class:product-add'.</msg>
<status status="PASS" starttime="20200428 10:50:46.264" endtime="20200428 10:50:46.334"></status>
</kw>
<kw name="Input Text" library="SeleniumLibrary">
<doc>Types the given ``text`` into the text field identified by ``locator``.</doc>
<arguments>
<arg>css:input[name=title]</arg>
<arg>${product_json['name']}</arg>
</arguments>
<msg timestamp="20200428 10:50:46.335" level="INFO">Typing text 'Donkey Kong' into text field 'css:input[name=title]'.</msg>
<status status="PASS" starttime="20200428 10:50:46.335" endtime="20200428 10:50:46.780"></status>
</kw>
<kw name="Select Category" library="ProductPage">
<arguments>
<arg>${product_json['cat']}</arg>
</arguments>
<kw name="Click Element" library="SeleniumLibrary">
<doc>Click the element identified by ``locator``.</doc>
<arguments>
<arg>css:input[placeholder=Gategoria]</arg>
</arguments>
<msg timestamp="20200428 10:50:46.781" level="INFO">Clicking element 'css:input[placeholder=Gategoria]'.</msg>
<status status="PASS" starttime="20200428 10:50:46.781" endtime="20200428 10:50:46.859"></status>
</kw>
<kw name="Wait Until Element Is Visible" library="SeleniumLibrary">
<doc>Waits until the element ``locator`` is visible.</doc>
<arguments>
<arg>class:el-select-dropdown__list</arg>
</arguments>
<status status="PASS" starttime="20200428 10:50:46.860" endtime="20200428 10:50:47.115"></status>
</kw>
<kw name="Click Element" library="SeleniumLibrary">
<doc>Click the element identified by ``locator``.</doc>
<arguments>
<arg>xpath://li/span[text()='${cat}']</arg>
</arguments>
<msg timestamp="20200428 10:50:47.115" level="INFO">Clicking element 'xpath://li/span[text()='Super Nintendo']'.</msg>
<status status="PASS" starttime="20200428 10:50:47.115" endtime="20200428 10:50:47.193"></status>
</kw>
<status status="PASS" starttime="20200428 10:50:46.780" endtime="20200428 10:50:47.194"></status>
</kw>
<kw name="Input Text" library="SeleniumLibrary">
<doc>Types the given ``text`` into the text field identified by ``locator``.</doc>
<arguments>
<arg>css:input[name=price]</arg>
<arg>${product_json['price']}</arg>
</arguments>
<msg timestamp="20200428 10:50:47.194" level="INFO">Typing text '49.99' into text field 'css:input[name=price]'.</msg>
<status status="PASS" starttime="20200428 10:50:47.194" endtime="20200428 10:50:47.316"></status>
</kw>
<kw name="Input Producers" library="ProductPage">
<arguments>
<arg>${product_json['producers']}</arg>
</arguments>
<kw name="${item} IN [ @{producers} ]" type="for">
<kw name="${item} = Rare" type="foritem">
<kw name="Log" library="BuiltIn">
<doc>Logs the given message with the given level.</doc>
<arguments>
<arg>${item}</arg>
</arguments>
<msg timestamp="20200428 10:50:47.319" level="INFO">Rare</msg>
<status status="PASS" starttime="20200428 10:50:47.318" endtime="20200428 10:50:47.319"></status>
</kw>
<kw name="Input Text" library="SeleniumLibrary">
<doc>Types the given ``text`` into the text field identified by ``locator``.</doc>
<arguments>
<arg>class:producers</arg>
<arg>${item}</arg>
</arguments>
<msg timestamp="20200428 10:50:47.319" level="INFO">Typing text 'Rare' into text field 'class:producers'.</msg>
<status status="PASS" starttime="20200428 10:50:47.319" endtime="20200428 10:50:47.429"></status>
</kw>
<kw name="Press Keys" library="SeleniumLibrary">
<doc>Simulates the user pressing key(s) to an element or on the active browser.</doc>
<arguments>
<arg>class:producers</arg>
<arg>TAB</arg>
</arguments>
<msg timestamp="20200428 10:50:47.429" level="INFO">Sending key(s) ('TAB',) to class:producers element.</msg>
<msg timestamp="20200428 10:50:47.704" level="INFO">Pressing special key TAB to element.</msg>
<msg timestamp="20200428 10:50:47.704" level="INFO">Releasing special key TAB.</msg>
<status status="PASS" starttime="20200428 10:50:47.429" endtime="20200428 10:50:47.724"></status>
</kw>
<status status="PASS" starttime="20200428 10:50:47.318" endtime="20200428 10:50:47.724"></status>
</kw>
<kw name="${item} = Nintendo" type="foritem">
<kw name="Log" library="BuiltIn">
<doc>Logs the given message with the given level.</doc>
<arguments>
<arg>${item}</arg>
</arguments>
<msg timestamp="20200428 10:50:47.725" level="INFO">Nintendo</msg>
<status status="PASS" starttime="20200428 10:50:47.724" endtime="20200428 10:50:47.725"></status>
</kw>
<kw name="Input Text" library="SeleniumLibrary">
<doc>Types the given ``text`` into the text field identified by ``locator``.</doc>
<arguments>
<arg>class:producers</arg>
<arg>${item}</arg>
</arguments>
<msg timestamp="20200428 10:50:47.726" level="INFO">Typing text 'Nintendo' into text field 'class:producers'.</msg>
<status status="PASS" starttime="20200428 10:50:47.725" endtime="20200428 10:50:47.891"></status>
</kw>
<kw name="Press Keys" library="SeleniumLibrary">
<doc>Simulates the user pressing key(s) to an element or on the active browser.</doc>
<arguments>
<arg>class:producers</arg>
<arg>TAB</arg>
</arguments>
<msg timestamp="20200428 10:50:47.891" level="INFO">Sending key(s) ('TAB',) to class:producers element.</msg>
<msg timestamp="20200428 10:50:48.173" level="INFO">Pressing special key TAB to element.</msg>
<msg timestamp="20200428 10:50:48.173" level="INFO">Releasing special key TAB.</msg>
<status status="PASS" starttime="20200428 10:50:47.891" endtime="20200428 10:50:48.187"></status>
</kw>
<status status="PASS" starttime="20200428 10:50:47.724" endtime="20200428 10:50:48.187"></status>
</kw>
<status status="PASS" starttime="20200428 10:50:47.318" endtime="20200428 10:50:48.187"></status>
</kw>
<status status="PASS" starttime="20200428 10:50:47.316" endtime="20200428 10:50:48.188"></status>
</kw>
<kw name="Input Text" library="SeleniumLibrary">
<doc>Types the given ``text`` into the text field identified by ``locator``.</doc>
<arguments>
<arg>css:textarea[name=description]</arg>
<arg>${product_json['desc']}</arg>
</arguments>
<msg timestamp="20200428 10:50:48.189" level="INFO">Typing text 'Um jogo muito divertido!' into text field 'css:textarea[name=description]'.</msg>
<status status="PASS" starttime="20200428 10:50:48.188" endtime="20200428 10:50:48.453"></status>
</kw>
<kw name="Upload Photo" library="ProductPage">
<arguments>
<arg>${product_json['image']}</arg>
</arguments>
<kw name="Set Variable" library="BuiltIn">
<doc>Returns the given values which can then be assigned to a variables.</doc>
<arguments>
<arg>${EXECDIR}/resources/fixtures/images/${image}</arg>
</arguments>
<assign>
<var>${file}</var>
</assign>
<msg timestamp="20200428 10:50:48.454" level="INFO">${file} = /Users/adrianoalmeida/Documents/QANinja_Cursos/curso_robocamp/resources/fixtures/images/donkey-kong.jpg</msg>
<status status="PASS" starttime="20200428 10:50:48.453" endtime="20200428 10:50:48.454"></status>
</kw>
<kw name="Choose File" library="SeleniumLibrary">
<doc>Inputs the ``file_path`` into the file input field ``locator``.</doc>
<arguments>
<arg>id:upcover</arg>
<arg>${file}</arg>
</arguments>
<msg timestamp="20200428 10:50:48.454" level="INFO">Sending /Users/adrianoalmeida/Documents/QANinja_Cursos/curso_robocamp/resources/fixtures/images/donkey-kong.jpg to browser.</msg>
<status status="PASS" starttime="20200428 10:50:48.454" endtime="20200428 10:50:48.499"></status>
</kw>
<status status="PASS" starttime="20200428 10:50:48.453" endtime="20200428 10:50:48.499"></status>
</kw>
<kw name="Click Element" library="SeleniumLibrary">
<doc>Click the element identified by ``locator``.</doc>
<arguments>
<arg>id:create-product</arg>
</arguments>
<msg timestamp="20200428 10:50:48.499" level="INFO">Clicking element 'id:create-product'.</msg>
<status status="PASS" starttime="20200428 10:50:48.499" endtime="20200428 10:50:48.593"></status>
</kw>
<status status="PASS" starttime="20200428 10:50:46.263" endtime="20200428 10:50:48.593"></status>
</kw>
<kw name="Set Test Variable" library="BuiltIn">
<doc>Makes a variable available everywhere within the scope of the current test.</doc>
<arguments>
<arg>${product_json}</arg>
</arguments>
<msg timestamp="20200428 10:50:48.594" level="INFO">${product_json} = {'name': 'Donkey Kong', 'cat': 'Super Nintendo', 'price': '49.99', 'desc': 'Um jogo muito divertido!', 'producers': ['Rare', 'Nintendo'], 'image': 'donkey-kong.jpg'}</msg>
<status status="PASS" starttime="20200428 10:50:48.594" endtime="20200428 10:50:48.594"></status>
</kw>
<status status="PASS" starttime="20200428 10:50:45.573" endtime="20200428 10:50:48.595"></status>
</kw>
<kw name="Então visualizo este item no catálogo" library="actions">
<kw name="Table Should Contain" library="SeleniumLibrary">
<doc>Verifies table contains text ``expected``.</doc>
<arguments>
<arg>class:table</arg>
<arg>${product_json['name']}</arg>
</arguments>
<status status="PASS" starttime="20200428 10:50:48.596" endtime="20200428 10:50:49.874"></status>
</kw>
<status status="PASS" starttime="20200428 10:50:48.595" endtime="20200428 10:50:49.874"></status>
</kw>
<kw name="Close session" library="BasePage" type="teardown">
<kw name="Capture Page Screenshot" library="SeleniumLibrary">
<doc>Takes a screenshot of the current page and embeds it into a log file.</doc>
<msg timestamp="20200428 10:50:50.346" level="INFO" html="yes">&lt;/td&gt;&lt;/tr&gt;&lt;tr&gt;&lt;td colspan="3"&gt;&lt;a href="selenium-screenshot-123.png"&gt;&lt;img src="selenium-screenshot-123.png" width="800px"&gt;&lt;/a&gt;</msg>
<status status="PASS" starttime="20200428 10:50:49.875" endtime="20200428 10:50:50.346"></status>
</kw>
<kw name="Close Browser" library="SeleniumLibrary">
<doc>Closes the current browser.</doc>
<status status="PASS" starttime="20200428 10:50:50.346" endtime="20200428 10:50:50.507"></status>
</kw>
<status status="PASS" starttime="20200428 10:50:49.875" endtime="20200428 10:50:50.507"></status>
</kw>
<tags>
<tag>smoke</tag>
</tags>
<status status="PASS" starttime="20200428 10:50:39.820" endtime="20200428 10:50:50.507" critical="yes"></status>
</test>
<doc>Cadastro de Produtos no Catálogo
Sendo um administrador de catálogo
Quero cadastrar produtos
Para que eu possa disponibiliza-los</doc>
<status status="PASS" starttime="20200428 10:50:39.426" endtime="20200428 10:50:50.509"></status>
</suite>
<suite id="s1-s2" name="Login" source="/Users/adrianoalmeida/Documents/QANinja_Cursos/curso_robocamp/tests/login.robot">
<test id="s1-s2-t1" name="Login com sucesso">
<kw name="Open session" library="BasePage" type="setup">
<kw name="Open Chrome" library="BasePage">
<kw name="Open Browser" library="SeleniumLibrary">
<doc>Opens a new browser instance to the optional ``url``.</doc>
<arguments>
<arg>${URL}/login</arg>
<arg>chrome</arg>
<arg>options=add_experimental_option('excludeSwitches', ['enable-logging'])</arg>
</arguments>
<msg timestamp="20200428 10:50:50.522" level="INFO">Opening browser 'chrome' to base url 'http://pixel-web:3000/login'.</msg>
<status status="PASS" starttime="20200428 10:50:50.521" endtime="20200428 10:50:54.788"></status>
</kw>
<status status="PASS" starttime="20200428 10:50:50.521" endtime="20200428 10:50:54.789"></status>
</kw>
<kw name="Set Selenium Implicit Wait" library="SeleniumLibrary">
<doc>Sets the implicit wait value used by Selenium.</doc>
<arguments>
<arg>5</arg>
</arguments>
<status status="PASS" starttime="20200428 10:50:54.790" endtime="20200428 10:50:54.792"></status>
</kw>
<kw name="Set Window Size" library="SeleniumLibrary">
<doc>Sets current windows size to given ``width`` and ``height``.</doc>
<arguments>
<arg>1280</arg>
<arg>800</arg>
</arguments>
<status status="PASS" starttime="20200428 10:50:54.793" endtime="20200428 10:50:55.530"></status>
</kw>
<status status="PASS" starttime="20200428 10:50:50.520" endtime="20200428 10:50:55.530"></status>
</kw>
<kw name="Dado que eu acesso a página de login" library="actions">
<kw name="Go To" library="SeleniumLibrary">
<doc>Navigates the current browser window to the provided ``url``.</doc>
<arguments>
<arg>${URL}/login</arg>
</arguments>
<msg timestamp="20200428 10:50:55.532" level="INFO">Opening url 'http://pixel-web:3000/login'</msg>
<status status="PASS" starttime="20200428 10:50:55.531" endtime="20200428 10:50:56.212"></status>
</kw>
<status status="PASS" starttime="20200428 10:50:55.531" endtime="20200428 10:50:56.212"></status>
</kw>
<kw name="Quando solicito submeto minhas credenciais de login &quot;didico@ninjapixel.com&quot; e senha &quot;pwd123&quot;" library="actions">
<kw name="Login with" library="LoginPage">
<arguments>
<arg>${email}</arg>
<arg>${senha}</arg>
</arguments>
<kw name="Input Text" library="SeleniumLibrary">
<doc>Types the given ``text`` into the text field identified by ``locator``.</doc>
<arguments>
<arg>id:emailId</arg>
<arg>${username}</arg>
</arguments>
<msg timestamp="20200428 10:50:56.214" level="INFO">Typing text 'didico@ninjapixel.com' into text field 'id:emailId'.</msg>
<status status="PASS" starttime="20200428 10:50:56.214" endtime="20200428 10:50:56.486"></status>
</kw>
<kw name="Input Text" library="SeleniumLibrary">
<doc>Types the given ``text`` into the text field identified by ``locator``.</doc>
<arguments>
<arg>css:input[name='password']</arg>
<arg>${password}</arg>
</arguments>
<msg timestamp="20200428 10:50:56.487" level="INFO">Typing text 'pwd123' into text field 'css:input[name='password']'.</msg>
<status status="PASS" starttime="20200428 10:50:56.486" endtime="20200428 10:50:56.591"></status>
</kw>
<kw name="Click Element" library="SeleniumLibrary">
<doc>Click the element identified by ``locator``.</doc>
<arguments>
<arg>class:btn-round</arg>
</arguments>
<msg timestamp="20200428 10:50:56.591" level="INFO">Clicking element 'class:btn-round'.</msg>
<status status="PASS" starttime="20200428 10:50:56.591" endtime="20200428 10:50:56.698"></status>
</kw>
<status status="PASS" starttime="20200428 10:50:56.213" endtime="20200428 10:50:56.698"></status>
</kw>
<status status="PASS" starttime="20200428 10:50:56.213" endtime="20200428 10:50:56.699"></status>
</kw>
<kw name="Então visualizo o nome do usuário &quot;Adriano&quot; no dashboard" library="actions">
<kw name="Wait Until Element Is Visible" library="SeleniumLibrary">
<doc>Waits until the element ``locator`` is visible.</doc>
<arguments>
<arg>${LOGGED_USER}</arg>
</arguments>
<status status="PASS" starttime="20200428 10:50:56.699" endtime="20200428 10:50:57.519"></status>
</kw>
<kw name="Element Text Should Be" library="SeleniumLibrary">
<doc>Verifies that element ``locator`` contains exact the text ``expected``.</doc>
<arguments>
<arg>${LOGGED_USER}</arg>
<arg>${nome}</arg>
</arguments>
<msg timestamp="20200428 10:50:57.519" level="INFO">Verifying element 'css:.user .info span' contains exact text 'Adriano'.</msg>
<status status="PASS" starttime="20200428 10:50:57.519" endtime="20200428 10:50:57.553"></status>
</kw>
<status status="PASS" starttime="20200428 10:50:56.699" endtime="20200428 10:50:57.553"></status>
</kw>
<kw name="Close session" library="BasePage" type="teardown">
<kw name="Capture Page Screenshot" library="SeleniumLibrary">
<doc>Takes a screenshot of the current page and embeds it into a log file.</doc>
<msg timestamp="20200428 10:50:58.054" level="INFO" html="yes">&lt;/td&gt;&lt;/tr&gt;&lt;tr&gt;&lt;td colspan="3"&gt;&lt;a href="selenium-screenshot-124.png"&gt;&lt;img src="selenium-screenshot-124.png" width="800px"&gt;&lt;/a&gt;</msg>
<status status="PASS" starttime="20200428 10:50:57.554" endtime="20200428 10:50:58.054"></status>
</kw>
<kw name="Close Browser" library="SeleniumLibrary">
<doc>Closes the current browser.</doc>
<status status="PASS" starttime="20200428 10:50:58.055" endtime="20200428 10:50:58.245"></status>
</kw>
<status status="PASS" starttime="20200428 10:50:57.554" endtime="20200428 10:50:58.245"></status>
</kw>
<tags>
<tag>smoke</tag>
</tags>
<status status="PASS" starttime="20200428 10:50:50.520" endtime="20200428 10:50:58.245" critical="yes"></status>
</test>
<test id="s1-s2-t2" name="Login com senha inválida">
<kw name="Open session" library="BasePage" type="setup">
<kw name="Open Chrome" library="BasePage">
<kw name="Open Browser" library="SeleniumLibrary">
<doc>Opens a new browser instance to the optional ``url``.</doc>
<arguments>
<arg>${URL}/login</arg>
<arg>chrome</arg>
<arg>options=add_experimental_option('excludeSwitches', ['enable-logging'])</arg>
</arguments>
<msg timestamp="20200428 10:50:58.249" level="INFO">Opening browser 'chrome' to base url 'http://pixel-web:3000/login'.</msg>
<status status="PASS" starttime="20200428 10:50:58.249" endtime="20200428 10:51:02.610"></status>
</kw>
<status status="PASS" starttime="20200428 10:50:58.248" endtime="20200428 10:51:02.610"></status>
</kw>
<kw name="Set Selenium Implicit Wait" library="SeleniumLibrary">
<doc>Sets the implicit wait value used by Selenium.</doc>
<arguments>
<arg>5</arg>
</arguments>
<status status="PASS" starttime="20200428 10:51:02.611" endtime="20200428 10:51:02.612"></status>
</kw>
<kw name="Set Window Size" library="SeleniumLibrary">
<doc>Sets current windows size to given ``width`` and ``height``.</doc>
<arguments>
<arg>1280</arg>
<arg>800</arg>
</arguments>
<status status="PASS" starttime="20200428 10:51:02.613" endtime="20200428 10:51:03.239"></status>
</kw>
<status status="PASS" starttime="20200428 10:50:58.248" endtime="20200428 10:51:03.239"></status>
</kw>
<kw name="Tentativa de login">
<arguments>
<arg>didico@ninjapixel.com</arg>
<arg>teste123</arg>
<arg>Usuário e/ou senha inválidos</arg>
</arguments>
<kw name="Dado que eu acesso a página de login" library="actions">
<kw name="Go To" library="SeleniumLibrary">
<doc>Navigates the current browser window to the provided ``url``.</doc>
<arguments>
<arg>${URL}/login</arg>
</arguments>
<msg timestamp="20200428 10:51:03.242" level="INFO">Opening url 'http://pixel-web:3000/login'</msg>
<status status="PASS" starttime="20200428 10:51:03.242" endtime="20200428 10:51:04.053"></status>
</kw>
<status status="PASS" starttime="20200428 10:51:03.241" endtime="20200428 10:51:04.053"></status>
</kw>
<kw name="Quando solicito submeto minhas credenciais de login &quot;${email}&quot; e senha &quot;${senha}&quot;" library="actions">
<kw name="Login with" library="LoginPage">
<arguments>
<arg>${email}</arg>
<arg>${senha}</arg>
</arguments>
<kw name="Input Text" library="SeleniumLibrary">
<doc>Types the given ``text`` into the text field identified by ``locator``.</doc>
<arguments>
<arg>id:emailId</arg>
<arg>${username}</arg>
</arguments>
<msg timestamp="20200428 10:51:04.055" level="INFO">Typing text 'didico@ninjapixel.com' into text field 'id:emailId'.</msg>
<status status="PASS" starttime="20200428 10:51:04.054" endtime="20200428 10:51:04.344"></status>
</kw>
<kw name="Input Text" library="SeleniumLibrary">
<doc>Types the given ``text`` into the text field identified by ``locator``.</doc>
<arguments>
<arg>css:input[name='password']</arg>
<arg>${password}</arg>
</arguments>
<msg timestamp="20200428 10:51:04.344" level="INFO">Typing text 'teste123' into text field 'css:input[name='password']'.</msg>
<status status="PASS" starttime="20200428 10:51:04.344" endtime="20200428 10:51:04.439"></status>
</kw>
<kw name="Click Element" library="SeleniumLibrary">
<doc>Click the element identified by ``locator``.</doc>
<arguments>
<arg>class:btn-round</arg>
</arguments>
<msg timestamp="20200428 10:51:04.440" level="INFO">Clicking element 'class:btn-round'.</msg>
<status status="PASS" starttime="20200428 10:51:04.439" endtime="20200428 10:51:04.535"></status>
</kw>
<status status="PASS" starttime="20200428 10:51:04.054" endtime="20200428 10:51:04.535"></status>
</kw>
<status status="PASS" starttime="20200428 10:51:04.053" endtime="20200428 10:51:04.536"></status>
</kw>
<kw name="Então visulizo uma mensagem de alerta &quot;${mensagem}&quot;" library="actions">
<kw name="Wait Until Element Contains" library="SeleniumLibrary">
<doc>Waits until the element ``locator`` contains ``text``.</doc>
<arguments>
<arg>class:alert</arg>
<arg>${mensagem}</arg>
</arguments>
<status status="PASS" starttime="20200428 10:51:04.537" endtime="20200428 10:51:04.810"></status>
</kw>
<status status="PASS" starttime="20200428 10:51:04.536" endtime="20200428 10:51:04.810"></status>
</kw>
<status status="PASS" starttime="20200428 10:51:03.240" endtime="20200428 10:51:04.810"></status>
</kw>
<kw name="Close session" library="BasePage" type="teardown">
<kw name="Capture Page Screenshot" library="SeleniumLibrary">
<doc>Takes a screenshot of the current page and embeds it into a log file.</doc>
<msg timestamp="20200428 10:51:06.683" level="INFO" html="yes">&lt;/td&gt;&lt;/tr&gt;&lt;tr&gt;&lt;td colspan="3"&gt;&lt;a href="selenium-screenshot-125.png"&gt;&lt;img src="selenium-screenshot-125.png" width="800px"&gt;&lt;/a&gt;</msg>
<status status="PASS" starttime="20200428 10:51:04.811" endtime="20200428 10:51:06.684"></status>
</kw>
<kw name="Close Browser" library="SeleniumLibrary">
<doc>Closes the current browser.</doc>
<status status="PASS" starttime="20200428 10:51:06.684" endtime="20200428 10:51:06.828"></status>
</kw>
<status status="PASS" starttime="20200428 10:51:04.811" endtime="20200428 10:51:06.828"></status>
</kw>
<tags>
<tag>smoke</tag>
</tags>
<status status="PASS" starttime="20200428 10:50:58.247" endtime="20200428 10:51:06.828" critical="yes"></status>
</test>
<test id="s1-s2-t3" name="Login com email inválido">
<kw name="Open session" library="BasePage" type="setup">
<kw name="Open Chrome" library="BasePage">
<kw name="Open Browser" library="SeleniumLibrary">
<doc>Opens a new browser instance to the optional ``url``.</doc>
<arguments>
<arg>${URL}/login</arg>
<arg>chrome</arg>
<arg>options=add_experimental_option('excludeSwitches', ['enable-logging'])</arg>
</arguments>
<msg timestamp="20200428 10:51:06.831" level="INFO">Opening browser 'chrome' to base url 'http://pixel-web:3000/login'.</msg>
<status status="PASS" starttime="20200428 10:51:06.831" endtime="20200428 10:51:10.878"></status>
</kw>
<status status="PASS" starttime="20200428 10:51:06.830" endtime="20200428 10:51:10.878"></status>
</kw>
<kw name="Set Selenium Implicit Wait" library="SeleniumLibrary">
<doc>Sets the implicit wait value used by Selenium.</doc>
<arguments>
<arg>5</arg>
</arguments>
<status status="PASS" starttime="20200428 10:51:10.879" endtime="20200428 10:51:10.884"></status>
</kw>
<kw name="Set Window Size" library="SeleniumLibrary">
<doc>Sets current windows size to given ``width`` and ``height``.</doc>
<arguments>
<arg>1280</arg>
<arg>800</arg>
</arguments>
<status status="PASS" starttime="20200428 10:51:10.884" endtime="20200428 10:51:11.522"></status>
</kw>
<status status="PASS" starttime="20200428 10:51:06.830" endtime="20200428 10:51:11.522"></status>
</kw>
<kw name="Tentativa de login">
<arguments>
<arg>teste@ninjapixel.com</arg>
<arg>pwd123</arg>
<arg>Usuário e/ou senha inválidos</arg>
</arguments>
<kw name="Dado que eu acesso a página de login" library="actions">
<kw name="Go To" library="SeleniumLibrary">
<doc>Navigates the current browser window to the provided ``url``.</doc>
<arguments>
<arg>${URL}/login</arg>
</arguments>
<msg timestamp="20200428 10:51:11.525" level="INFO">Opening url 'http://pixel-web:3000/login'</msg>
<status status="PASS" starttime="20200428 10:51:11.525" endtime="20200428 10:51:12.085"></status>
</kw>
<status status="PASS" starttime="20200428 10:51:11.524" endtime="20200428 10:51:12.086"></status>
</kw>
<kw name="Quando solicito submeto minhas credenciais de login &quot;${email}&quot; e senha &quot;${senha}&quot;" library="actions">
<kw name="Login with" library="LoginPage">
<arguments>
<arg>${email}</arg>
<arg>${senha}</arg>
</arguments>
<kw name="Input Text" library="SeleniumLibrary">
<doc>Types the given ``text`` into the text field identified by ``locator``.</doc>
<arguments>
<arg>id:emailId</arg>
<arg>${username}</arg>
</arguments>
<msg timestamp="20200428 10:51:12.088" level="INFO">Typing text 'teste@ninjapixel.com' into text field 'id:emailId'.</msg>
<status status="PASS" starttime="20200428 10:51:12.087" endtime="20200428 10:51:12.373"></status>
</kw>
<kw name="Input Text" library="SeleniumLibrary">
<doc>Types the given ``text`` into the text field identified by ``locator``.</doc>
<arguments>
<arg>css:input[name='password']</arg>
<arg>${password}</arg>
</arguments>
<msg timestamp="20200428 10:51:12.373" level="INFO">Typing text 'pwd123' into text field 'css:input[name='password']'.</msg>
<status status="PASS" starttime="20200428 10:51:12.373" endtime="20200428 10:51:12.526"></status>
</kw>
<kw name="Click Element" library="SeleniumLibrary">
<doc>Click the element identified by ``locator``.</doc>
<arguments>
<arg>class:btn-round</arg>
</arguments>
<msg timestamp="20200428 10:51:12.526" level="INFO">Clicking element 'class:btn-round'.</msg>
<status status="PASS" starttime="20200428 10:51:12.526" endtime="20200428 10:51:12.613"></status>
</kw>
<status status="PASS" starttime="20200428 10:51:12.086" endtime="20200428 10:51:12.613"></status>
</kw>
<status status="PASS" starttime="20200428 10:51:12.086" endtime="20200428 10:51:12.613"></status>
</kw>
<kw name="Então visulizo uma mensagem de alerta &quot;${mensagem}&quot;" library="actions">
<kw name="Wait Until Element Contains" library="SeleniumLibrary">
<doc>Waits until the element ``locator`` contains ``text``.</doc>
<arguments>
<arg>class:alert</arg>
<arg>${mensagem}</arg>
</arguments>
<status status="PASS" starttime="20200428 10:51:12.615" endtime="20200428 10:51:12.861"></status>
</kw>
<status status="PASS" starttime="20200428 10:51:12.614" endtime="20200428 10:51:12.861"></status>
</kw>
<status status="PASS" starttime="20200428 10:51:11.523" endtime="20200428 10:51:12.861"></status>
</kw>
<kw name="Close session" library="BasePage" type="teardown">
<kw name="Capture Page Screenshot" library="SeleniumLibrary">
<doc>Takes a screenshot of the current page and embeds it into a log file.</doc>
<msg timestamp="20200428 10:51:14.665" level="INFO" html="yes">&lt;/td&gt;&lt;/tr&gt;&lt;tr&gt;&lt;td colspan="3"&gt;&lt;a href="selenium-screenshot-126.png"&gt;&lt;img src="selenium-screenshot-126.png" width="800px"&gt;&lt;/a&gt;</msg>
<status status="PASS" starttime="20200428 10:51:12.862" endtime="20200428 10:51:14.665"></status>
</kw>
<kw name="Close Browser" library="SeleniumLibrary">
<doc>Closes the current browser.</doc>
<status status="PASS" starttime="20200428 10:51:14.665" endtime="20200428 10:51:14.849"></status>
</kw>
<status status="PASS" starttime="20200428 10:51:12.861" endtime="20200428 10:51:14.849"></status>
</kw>
<tags>
<tag>smoke</tag>
</tags>
<status status="PASS" starttime="20200428 10:51:06.829" endtime="20200428 10:51:14.850" critical="yes"></status>
</test>
<test id="s1-s2-t4" name="Login com senha branco">
<kw name="Open session" library="BasePage" type="setup">
<kw name="Open Chrome" library="BasePage">
<kw name="Open Browser" library="SeleniumLibrary">
<doc>Opens a new browser instance to the optional ``url``.</doc>
<arguments>
<arg>${URL}/login</arg>
<arg>chrome</arg>
<arg>options=add_experimental_option('excludeSwitches', ['enable-logging'])</arg>
</arguments>
<msg timestamp="20200428 10:51:14.852" level="INFO">Opening browser 'chrome' to base url 'http://pixel-web:3000/login'.</msg>
<status status="PASS" starttime="20200428 10:51:14.852" endtime="20200428 10:51:18.948"></status>
</kw>
<status status="PASS" starttime="20200428 10:51:14.851" endtime="20200428 10:51:18.949"></status>
</kw>
<kw name="Set Selenium Implicit Wait" library="SeleniumLibrary">
<doc>Sets the implicit wait value used by Selenium.</doc>
<arguments>
<arg>5</arg>
</arguments>
<status status="PASS" starttime="20200428 10:51:18.950" endtime="20200428 10:51:18.952"></status>
</kw>
<kw name="Set Window Size" library="SeleniumLibrary">
<doc>Sets current windows size to given ``width`` and ``height``.</doc>
<arguments>
<arg>1280</arg>
<arg>800</arg>
</arguments>
<status status="PASS" starttime="20200428 10:51:18.953" endtime="20200428 10:51:19.390"></status>
</kw>
<status status="PASS" starttime="20200428 10:51:14.851" endtime="20200428 10:51:19.390"></status>
</kw>
<kw name="Tentativa de login">
<arguments>
<arg>didico@ninjapixel.com</arg>
<arg>${EMPTY}</arg>
<arg>Opps. Informe a sua senha!</arg>
</arguments>
<kw name="Dado que eu acesso a página de login" library="actions">
<kw name="Go To" library="SeleniumLibrary">
<doc>Navigates the current browser window to the provided ``url``.</doc>
<arguments>
<arg>${URL}/login</arg>
</arguments>
<msg timestamp="20200428 10:51:19.393" level="INFO">Opening url 'http://pixel-web:3000/login'</msg>
<status status="PASS" starttime="20200428 10:51:19.392" endtime="20200428 10:51:20.070"></status>
</kw>
<status status="PASS" starttime="20200428 10:51:19.392" endtime="20200428 10:51:20.070"></status>
</kw>
<kw name="Quando solicito submeto minhas credenciais de login &quot;${email}&quot; e senha &quot;${senha}&quot;" library="actions">
<kw name="Login with" library="LoginPage">
<arguments>
<arg>${email}</arg>
<arg>${senha}</arg>
</arguments>
<kw name="Input Text" library="SeleniumLibrary">
<doc>Types the given ``text`` into the text field identified by ``locator``.</doc>
<arguments>
<arg>id:emailId</arg>
<arg>${username}</arg>
</arguments>
<msg timestamp="20200428 10:51:20.072" level="INFO">Typing text 'didico@ninjapixel.com' into text field 'id:emailId'.</msg>
<status status="PASS" starttime="20200428 10:51:20.072" endtime="20200428 10:51:20.362"></status>
</kw>
<kw name="Input Text" library="SeleniumLibrary">
<doc>Types the given ``text`` into the text field identified by ``locator``.</doc>
<arguments>
<arg>css:input[name='password']</arg>
<arg>${password}</arg>
</arguments>
<msg timestamp="20200428 10:51:20.362" level="INFO">Typing text '' into text field 'css:input[name='password']'.</msg>
<status status="PASS" starttime="20200428 10:51:20.362" endtime="20200428 10:51:20.438"></status>
</kw>
<kw name="Click Element" library="SeleniumLibrary">
<doc>Click the element identified by ``locator``.</doc>
<arguments>
<arg>class:btn-round</arg>
</arguments>
<msg timestamp="20200428 10:51:20.439" level="INFO">Clicking element 'class:btn-round'.</msg>
<status status="PASS" starttime="20200428 10:51:20.438" endtime="20200428 10:51:20.525"></status>
</kw>
<status status="PASS" starttime="20200428 10:51:20.071" endtime="20200428 10:51:20.525"></status>
</kw>
<status status="PASS" starttime="20200428 10:51:20.070" endtime="20200428 10:51:20.525"></status>
</kw>
<kw name="Então visulizo uma mensagem de alerta &quot;${mensagem}&quot;" library="actions">
<kw name="Wait Until Element Contains" library="SeleniumLibrary">
<doc>Waits until the element ``locator`` contains ``text``.</doc>
<arguments>
<arg>class:alert</arg>
<arg>${mensagem}</arg>
</arguments>
<status status="PASS" starttime="20200428 10:51:20.526" endtime="20200428 10:51:20.566"></status>
</kw>
<status status="PASS" starttime="20200428 10:51:20.525" endtime="20200428 10:51:20.566"></status>
</kw>
<status status="PASS" starttime="20200428 10:51:19.391" endtime="20200428 10:51:20.567"></status>
</kw>
<kw name="Close session" library="BasePage" type="teardown">
<kw name="Capture Page Screenshot" library="SeleniumLibrary">
<doc>Takes a screenshot of the current page and embeds it into a log file.</doc>
<msg timestamp="20200428 10:51:22.331" level="INFO" html="yes">&lt;/td&gt;&lt;/tr&gt;&lt;tr&gt;&lt;td colspan="3"&gt;&lt;a href="selenium-screenshot-127.png"&gt;&lt;img src="selenium-screenshot-127.png" width="800px"&gt;&lt;/a&gt;</msg>
<status status="PASS" starttime="20200428 10:51:20.567" endtime="20200428 10:51:22.332"></status>
</kw>
<kw name="Close Browser" library="SeleniumLibrary">
<doc>Closes the current browser.</doc>
<status status="PASS" starttime="20200428 10:51:22.332" endtime="20200428 10:51:22.502"></status>
</kw>
<status status="PASS" starttime="20200428 10:51:20.567" endtime="20200428 10:51:22.505"></status>
</kw>
<tags>
<tag>smoke</tag>
</tags>
<status status="PASS" starttime="20200428 10:51:14.850" endtime="20200428 10:51:22.506" critical="yes"></status>
</test>
<test id="s1-s2-t5" name="Login com email branco">
<kw name="Open session" library="BasePage" type="setup">
<kw name="Open Chrome" library="BasePage">
<kw name="Open Browser" library="SeleniumLibrary">
<doc>Opens a new browser instance to the optional ``url``.</doc>
<arguments>
<arg>${URL}/login</arg>
<arg>chrome</arg>
<arg>options=add_experimental_option('excludeSwitches', ['enable-logging'])</arg>
</arguments>
<msg timestamp="20200428 10:51:22.532" level="INFO">Opening browser 'chrome' to base url 'http://pixel-web:3000/login'.</msg>
<status status="PASS" starttime="20200428 10:51:22.531" endtime="20200428 10:51:26.654"></status>
</kw>
<status status="PASS" starttime="20200428 10:51:22.531" endtime="20200428 10:51:26.655"></status>
</kw>
<kw name="Set Selenium Implicit Wait" library="SeleniumLibrary">
<doc>Sets the implicit wait value used by Selenium.</doc>
<arguments>
<arg>5</arg>
</arguments>
<status status="PASS" starttime="20200428 10:51:26.655" endtime="20200428 10:51:26.660"></status>
</kw>
<kw name="Set Window Size" library="SeleniumLibrary">
<doc>Sets current windows size to given ``width`` and ``height``.</doc>
<arguments>
<arg>1280</arg>
<arg>800</arg>
</arguments>
<status status="PASS" starttime="20200428 10:51:26.661" endtime="20200428 10:51:27.215"></status>
</kw>
<status status="PASS" starttime="20200428 10:51:22.530" endtime="20200428 10:51:27.215"></status>
</kw>
<kw name="Tentativa de login">
<arguments>
<arg>${EMPTY}</arg>
<arg>pwd123</arg>
<arg>Opps. Informe o seu email!</arg>
</arguments>
<kw name="Dado que eu acesso a página de login" library="actions">
<kw name="Go To" library="SeleniumLibrary">
<doc>Navigates the current browser window to the provided ``url``.</doc>
<arguments>
<arg>${URL}/login</arg>
</arguments>
<msg timestamp="20200428 10:51:27.218" level="INFO">Opening url 'http://pixel-web:3000/login'</msg>
<status status="PASS" starttime="20200428 10:51:27.218" endtime="20200428 10:51:27.851"></status>
</kw>
<status status="PASS" starttime="20200428 10:51:27.217" endtime="20200428 10:51:27.851"></status>
</kw>
<kw name="Quando solicito submeto minhas credenciais de login &quot;${email}&quot; e senha &quot;${senha}&quot;" library="actions">
<kw name="Login with" library="LoginPage">
<arguments>
<arg>${email}</arg>
<arg>${senha}</arg>
</arguments>
<kw name="Input Text" library="SeleniumLibrary">
<doc>Types the given ``text`` into the text field identified by ``locator``.</doc>
<arguments>
<arg>id:emailId</arg>
<arg>${username}</arg>
</arguments>
<msg timestamp="20200428 10:51:27.853" level="INFO">Typing text '' into text field 'id:emailId'.</msg>
<status status="PASS" starttime="20200428 10:51:27.853" endtime="20200428 10:51:27.957"></status>
</kw>
<kw name="Input Text" library="SeleniumLibrary">
<doc>Types the given ``text`` into the text field identified by ``locator``.</doc>
<arguments>
<arg>css:input[name='password']</arg>
<arg>${password}</arg>
</arguments>
<msg timestamp="20200428 10:51:27.957" level="INFO">Typing text 'pwd123' into text field 'css:input[name='password']'.</msg>
<status status="PASS" starttime="20200428 10:51:27.957" endtime="20200428 10:51:28.116"></status>
</kw>
<kw name="Click Element" library="SeleniumLibrary">
<doc>Click the element identified by ``locator``.</doc>
<arguments>
<arg>class:btn-round</arg>
</arguments>
<msg timestamp="20200428 10:51:28.116" level="INFO">Clicking element 'class:btn-round'.</msg>
<status status="PASS" starttime="20200428 10:51:28.116" endtime="20200428 10:51:28.169"></status>
</kw>
<status status="PASS" starttime="20200428 10:51:27.852" endtime="20200428 10:51:28.169"></status>
</kw>
<status status="PASS" starttime="20200428 10:51:27.852" endtime="20200428 10:51:28.170"></status>
</kw>
<kw name="Então visulizo uma mensagem de alerta &quot;${mensagem}&quot;" library="actions">
<kw name="Wait Until Element Contains" library="SeleniumLibrary">
<doc>Waits until the element ``locator`` contains ``text``.</doc>
<arguments>
<arg>class:alert</arg>
<arg>${mensagem}</arg>
</arguments>
<status status="PASS" starttime="20200428 10:51:28.170" endtime="20200428 10:51:28.204"></status>
</kw>
<status status="PASS" starttime="20200428 10:51:28.170" endtime="20200428 10:51:28.204"></status>
</kw>
<status status="PASS" starttime="20200428 10:51:27.216" endtime="20200428 10:51:28.204"></status>
</kw>
<kw name="Close session" library="BasePage" type="teardown">
<kw name="Capture Page Screenshot" library="SeleniumLibrary">
<doc>Takes a screenshot of the current page and embeds it into a log file.</doc>
<msg timestamp="20200428 10:51:30.222" level="INFO" html="yes">&lt;/td&gt;&lt;/tr&gt;&lt;tr&gt;&lt;td colspan="3"&gt;&lt;a href="selenium-screenshot-128.png"&gt;&lt;img src="selenium-screenshot-128.png" width="800px"&gt;&lt;/a&gt;</msg>
<status status="PASS" starttime="20200428 10:51:28.205" endtime="20200428 10:51:30.222"></status>
</kw>
<kw name="Close Browser" library="SeleniumLibrary">
<doc>Closes the current browser.</doc>
<status status="PASS" starttime="20200428 10:51:30.222" endtime="20200428 10:51:30.367"></status>
</kw>
<status status="PASS" starttime="20200428 10:51:28.204" endtime="20200428 10:51:30.367"></status>
</kw>
<tags>
<tag>smoke</tag>
</tags>
<status status="PASS" starttime="20200428 10:51:22.529" endtime="20200428 10:51:30.367" critical="yes"></status>
</test>
<doc>Suite de testes para validar o login do sistema Pixel
Sendo um administrador de catálogo
Quero me autenticar no sistema
Para que eu possa gerenciar o catálogo de produtos</doc>
<status status="PASS" starttime="20200428 10:50:50.511" endtime="20200428 10:51:30.376"></status>
</suite>
<status status="PASS" starttime="20200428 10:50:39.393" endtime="20200428 10:51:30.422"></status>
</suite>
<statistics>
<total>
<stat pass="6" fail="0">Critical Tests</stat>
<stat pass="6" fail="0">All Tests</stat>
</total>
<tag>
<stat pass="6" fail="0">smoke</stat>
</tag>
<suite>
<stat pass="6" fail="0" id="s1" name="Tests">Tests</stat>
<stat pass="1" fail="0" id="s1-s1" name="Cadastro">Tests.Cadastro</stat>
<stat pass="5" fail="0" id="s1-s2" name="Login">Tests.Login</stat>
</suite>
</statistics>
<errors>
</errors>
</robot>
